<?xml version="1.0" encoding="UTF-8"?>
<!-- Generated by org.testng.reporters.JUnitReportReporter -->
<testsuite hostname="Bala-PC" failures="0" tests="4"
	name="mavenpackage.Parameterization" time="0.021" errors="0"
	timestamp="2023-09-28T12:16:03 EDT" skipped="0">
	<testcase classname="mavenpackage.Parameterization"
		name="optional" time="0.007" />
	<system-out />
	<testcase classname="mavenpackage.Parameterization"
		name="parameterizedTest" time="0.004" />
	<system-out />
	<testcase classname="mavenpackage.Parameterization"
		name="optional" time="0.005" />
	<system-out />
	<testcase classname="mavenpackage.Parameterization"
		name="parameterizedTest" time="0.005" />
	<system-out />
</testsuite> <!-- mavenpackage.Parameterization -->
