<?xml version="1.0" encoding="UTF-8"?>
<!-- Generated by org.testng.reporters.JUnitReportReporter -->
<testsuite hostname="Bala-PC" failures="0" tests="2"
	name="mavenpackage.FirstMavenExercise" time="4.312" errors="0"
	timestamp="2023-09-28T12:16:03 EDT" skipped="0">
	<testcase classname="mavenpackage.FirstMavenExercise"
		name="mavenTest" time="2.341" />
	<system-out />
	<testcase classname="mavenpackage.FirstMavenExercise"
		name="mavenTest" time="1.971" />
	<system-out />
</testsuite> <!-- mavenpackage.FirstMavenExercise -->
